<?xml version="1.0" encoding="UTF-8"?>
<testExecutions version="1">
    <file path="/home/vagrant/nestjs/backend/src/users/users.service.spec.ts">
        <testCase name="UsersService should be defined" duration="16"/>
        <testCase name="UsersService UserService.findAll  should return an array of users" duration="6"/>
        <testCase name="UsersService UserService.create  should create an user" duration="6"/>
        <testCase name="UsersService UserService.update  should update an user" duration="9"/>
        <testCase name="UsersService UserService.remove  should delete an user" duration="5">
            <failure message="TypeError: this.usersRepository.delete is not a function"><![CDATA[TypeError: this.usersRepository.delete is not a function
    at UsersService.remove (/home/vagrant/nestjs/backend/src/users/users.service.ts:35:16)
    at Object.<anonymous> (/home/vagrant/nestjs/backend/src/users/users.service.spec.ts:66:34)
    at Promise.then.completed (/home/vagrant/nestjs/backend/node_modules/jest-circus/build/utils.js:390:28)
    at new Promise (<anonymous>)
    at callAsyncCircusFn (/home/vagrant/nestjs/backend/node_modules/jest-circus/build/utils.js:315:10)
    at _callCircusTest (/home/vagrant/nestjs/backend/node_modules/jest-circus/build/run.js:218:40)
    at _runTest (/home/vagrant/nestjs/backend/node_modules/jest-circus/build/run.js:155:3)
    at _runTestsForDescribeBlock (/home/vagrant/nestjs/backend/node_modules/jest-circus/build/run.js:66:9)
    at _runTestsForDescribeBlock (/home/vagrant/nestjs/backend/node_modules/jest-circus/build/run.js:60:9)
    at _runTestsForDescribeBlock (/home/vagrant/nestjs/backend/node_modules/jest-circus/build/run.js:60:9)]]></failure>
        </testCase>
        <testCase name="UsersService UserService.findOne  should return an user" duration="5">
            <failure message="TypeError: this.usersRepository.findOne is not a function"><![CDATA[TypeError: this.usersRepository.findOne is not a function
    at UsersService.findOne (/home/vagrant/nestjs/backend/src/users/users.service.ts:26:37)
    at Object.<anonymous> (/home/vagrant/nestjs/backend/src/users/users.service.spec.ts:81:34)
    at Promise.then.completed (/home/vagrant/nestjs/backend/node_modules/jest-circus/build/utils.js:390:28)
    at new Promise (<anonymous>)
    at callAsyncCircusFn (/home/vagrant/nestjs/backend/node_modules/jest-circus/build/utils.js:315:10)
    at _callCircusTest (/home/vagrant/nestjs/backend/node_modules/jest-circus/build/run.js:218:40)
    at _runTest (/home/vagrant/nestjs/backend/node_modules/jest-circus/build/run.js:155:3)
    at _runTestsForDescribeBlock (/home/vagrant/nestjs/backend/node_modules/jest-circus/build/run.js:66:9)
    at _runTestsForDescribeBlock (/home/vagrant/nestjs/backend/node_modules/jest-circus/build/run.js:60:9)
    at _runTestsForDescribeBlock (/home/vagrant/nestjs/backend/node_modules/jest-circus/build/run.js:60:9)]]></failure>
        </testCase>
    </file>
    <file path="/home/vagrant/nestjs/backend/src/users/users.controller.spec.ts">
        <testCase name="UsersController should be defined" duration="8"/>
        <testCase name="UsersController UserController.findAll  should return an array of users" duration="7"/>
        <testCase name="UsersController UserController.findOne  should return an user" duration="12"/>
        <testCase name="UsersController UserController.create should create an user" duration="5"/>
        <testCase name="UsersController UserController.update should update an user" duration="5"/>
        <testCase name="UsersController UserController.delete should delete an user" duration="7"/>
    </file>
    <file path="/home/vagrant/nestjs/backend/src/app.controller.spec.ts">
        <testCase name="AppController root should return &quot;Hello World!&quot;" duration="5"/>
    </file>
</testExecutions>